<?xml version="1.0" encoding="UTF-8"?>
<!-- Generated by org.testng.reporters.JUnitReportReporter -->
<testsuite skipped="0" hostname="BDC11-L-B4Z0VP2" name="com.test1.NewTest4" tests="1" failures="0" timestamp="26 Jul 2018 10:49:15 GMT" time="22.027" errors="0">
  <testcase name="testHDFC" time="22.027" classname="com.test1.NewTest4"/>
</testsuite> <!-- com.test1.NewTest4 -->
