<?xml version="1.0" encoding="UTF-8"?>
<!-- Generated by org.testng.reporters.JUnitReportReporter -->
<testsuite skipped="0" hostname="BDC11-L-B4Z0VP2" name="com.test1.NewTest1" tests="4" failures="0" timestamp="27 Jul 2018 08:31:53 GMT" time="0.015" errors="0">
  <testcase name="f" time="0.010" classname="com.test1.NewTest1"/>
  <testcase name="abc" time="0.002" classname="com.test1.NewTest1"/>
  <testcase name="xyz" time="0.002" classname="com.test1.NewTest1"/>
  <testcase name="xyztest" time="0.001" classname="com.test1.NewTest1"/>
</testsuite> <!-- com.test1.NewTest1 -->
