<?xml version="1.0" encoding="UTF-8"?>
<!-- Generated by org.testng.reporters.JUnitReportReporter -->
<testsuite skipped="0" hostname="BDC11-L-B4Z0VP2" name="com.test1.NewTest5" tests="1" failures="0" timestamp="27 Jul 2018 03:47:29 GMT" time="17.805" errors="0">
  <testcase name="draganddrop" time="17.805" classname="com.test1.NewTest5"/>
</testsuite> <!-- com.test1.NewTest5 -->
