<?xml version="1.0" encoding="UTF-8"?>
<!-- Generated by org.testng.reporters.JUnitReportReporter -->
<testsuite skipped="0" hostname="BDC11-L-B4Z0VP2" name="com.test1.NewTest8" tests="1" failures="0" timestamp="27 Jul 2018 07:36:02 GMT" time="9.470" errors="0">
  <testcase name="testLogin" time="9.470" classname="com.test1.NewTest8"/>
</testsuite> <!-- com.test1.NewTest8 -->
