<?xml version="1.0" encoding="UTF-8"?>
<!-- Generated by org.testng.reporters.JUnitReportReporter -->
<testsuite skipped="0" hostname="BDC11-L-B4Z0VP2" name="com.test1.NewTest7" tests="1" failures="0" timestamp="27 Jul 2018 07:38:00 GMT" time="43.572" errors="0">
  <testcase name="testLogin" time="43.572" classname="com.test1.NewTest7"/>
</testsuite> <!-- com.test1.NewTest7 -->
