<?xml version="1.0" encoding="UTF-8"?>
<!-- Generated by org.testng.reporters.JUnitReportReporter -->
<testsuite skipped="0" hostname="BDC11-L-B4Z0VP2" name="com.test1.NewTest6" tests="1" failures="0" timestamp="27 Jul 2018 05:11:56 GMT" time="0.798" errors="0">
  <testcase name="test" time="0.798" classname="com.test1.NewTest6"/>
</testsuite> <!-- com.test1.NewTest6 -->
